Determining if the pthread_create exist failed with the following output:
Change Dir: /home/cxh/work/nebula/CMakeFiles/CMakeTmp

Run Build Command:/usr/bin/make "cmTryCompileExec3660251249/fast"
/usr/bin/make -f CMakeFiles/cmTryCompileExec3660251249.dir/build.make CMakeFiles/cmTryCompileExec3660251249.dir/build
make[1]: 正在进入目录 `/home/cxh/work/nebula/CMakeFiles/CMakeTmp'
/usr/bin/cmake -E cmake_progress_report /home/cxh/work/nebula/CMakeFiles/CMakeTmp/CMakeFiles 1
Building C object CMakeFiles/cmTryCompileExec3660251249.dir/CheckSymbolExists.c.o
/usr/bin/cc    -o CMakeFiles/cmTryCompileExec3660251249.dir/CheckSymbolExists.c.o   -c /home/cxh/work/nebula/CMakeFiles/CMakeTmp/CheckSymbolExists.c
Linking C executable cmTryCompileExec3660251249
/usr/bin/cmake -E cmake_link_script CMakeFiles/cmTryCompileExec3660251249.dir/link.txt --verbose=1
/usr/bin/cc       CMakeFiles/cmTryCompileExec3660251249.dir/CheckSymbolExists.c.o  -o cmTryCompileExec3660251249 -rdynamic 
CMakeFiles/cmTryCompileExec3660251249.dir/CheckSymbolExists.c.o：在函数‘main’中：
CheckSymbolExists.c:(.text+0x16)：对‘pthread_create’未定义的引用
collect2: error: ld returned 1 exit status
make[1]:正在离开目录 `/home/cxh/work/nebula/CMakeFiles/CMakeTmp'
make[1]: *** [cmTryCompileExec3660251249] 错误 1
make: *** [cmTryCompileExec3660251249/fast] 错误 2

File /home/cxh/work/nebula/CMakeFiles/CMakeTmp/CheckSymbolExists.c:
/* */
#include <pthread.h>

int main(int argc, char** argv)
{
  (void)argv;
#ifndef pthread_create
  return ((int*)(&pthread_create))[argc];
#else
  (void)argc;
  return 0;
#endif
}

Determining if the function pthread_create exists in the pthreads failed with the following output:
Change Dir: /home/cxh/work/nebula/CMakeFiles/CMakeTmp

Run Build Command:/usr/bin/make "cmTryCompileExec2616379952/fast"
/usr/bin/make -f CMakeFiles/cmTryCompileExec2616379952.dir/build.make CMakeFiles/cmTryCompileExec2616379952.dir/build
make[1]: 正在进入目录 `/home/cxh/work/nebula/CMakeFiles/CMakeTmp'
/usr/bin/cmake -E cmake_progress_report /home/cxh/work/nebula/CMakeFiles/CMakeTmp/CMakeFiles 1
Building C object CMakeFiles/cmTryCompileExec2616379952.dir/CheckFunctionExists.c.o
/usr/bin/cc   -DCHECK_FUNCTION_EXISTS=pthread_create   -o CMakeFiles/cmTryCompileExec2616379952.dir/CheckFunctionExists.c.o   -c /usr/share/cmake-2.8/Modules/CheckFunctionExists.c
Linking C executable cmTryCompileExec2616379952
/usr/bin/cmake -E cmake_link_script CMakeFiles/cmTryCompileExec2616379952.dir/link.txt --verbose=1
/usr/bin/cc   -DCHECK_FUNCTION_EXISTS=pthread_create    CMakeFiles/cmTryCompileExec2616379952.dir/CheckFunctionExists.c.o  -o cmTryCompileExec2616379952 -rdynamic -lpthreads 
/usr/bin/ld: 找不到 -lpthreads
collect2: error: ld returned 1 exit status
make[1]:正在离开目录 `/home/cxh/work/nebula/CMakeFiles/CMakeTmp'
make[1]: *** [cmTryCompileExec2616379952] 错误 1
make: *** [cmTryCompileExec2616379952/fast] 错误 2


